<?xml version="1.0" encoding="UTF-8"?>
<testng-results skipped="0" failed="0" total="1" passed="1">
  <reporter-output>
  </reporter-output>
  <suite name="Default suite" duration-ms="17677" started-at="2016-02-13T07:48:15Z" finished-at="2016-02-13T07:48:33Z">
    <groups>
    </groups>
    <test name="Default test" duration-ms="17677" started-at="2016-02-13T07:48:15Z" finished-at="2016-02-13T07:48:33Z">
      <class name="com.appium.TestUiSelector">
        <test-method status="PASS" signature="testApp()[pri:0, instance:com.appium.TestUiSelector@150b51f4]" name="testApp" duration-ms="12944" started-at="2016-02-12T23:48:15Z" finished-at="2016-02-12T23:48:28Z">
          <reporter-output>
          </reporter-output>
        </test-method> <!-- testApp -->
        <test-method status="PASS" signature="afterTest()[pri:0, instance:com.appium.TestUiSelector@150b51f4]" name="afterTest" is-config="true" duration-ms="4701" started-at="2016-02-12T23:48:28Z" finished-at="2016-02-12T23:48:33Z">
          <reporter-output>
          </reporter-output>
        </test-method> <!-- afterTest -->
      </class> <!-- com.appium.TestUiSelector -->
    </test> <!-- Default test -->
  </suite> <!-- Default suite -->
</testng-results>
